SF:lib/src/datatable_header.dart
DA:15,2
DA:27,2
DA:28,1
DA:29,1
DA:30,1
DA:31,1
DA:32,1
DA:33,1
DA:34,1
DA:35,1
DA:37,2
DA:38,1
DA:39,1
DA:40,1
DA:41,1
DA:42,1
DA:43,1
DA:44,1
DA:45,1
LF:19
LH:19
end_of_record
SF:lib/src/responsive_datatable.dart
DA:83,2
DA:118,2
DA:120,2
DA:121,2
DA:133,0
DA:134,0
DA:136,0
DA:137,0
DA:138,0
DA:139,0
DA:140,0
DA:141,0
DA:142,0
DA:145,0
DA:146,0
DA:151,0
DA:152,0
DA:153,0
DA:154,0
DA:155,0
DA:156,0
DA:157,0
DA:159,0
DA:160,0
DA:161,0
DA:162,0
DA:164,0
DA:165,0
DA:166,0
DA:167,0
DA:171,0
DA:173,0
DA:174,0
DA:175,0
DA:181,1
DA:182,2
DA:184,3
DA:186,2
DA:187,3
DA:188,2
DA:189,2
DA:190,2
DA:191,2
DA:192,2
DA:193,2
DA:194,2
DA:195,2
DA:196,2
DA:197,2
DA:198,2
DA:199,2
DA:201,1
DA:204,0
DA:205,0
DA:207,0
DA:208,0
DA:210,0
DA:211,0
DA:212,0
DA:213,0
DA:214,0
DA:215,0
DA:216,0
DA:219,0
DA:220,0
DA:222,0
DA:225,0
DA:227,0
DA:228,0
DA:229,0
DA:230,0
DA:231,0
DA:233,0
DA:234,0
DA:235,0
DA:236,0
DA:237,0
DA:241,0
DA:245,0
DA:246,0
DA:248,0
DA:249,0
DA:250,0
DA:251,0
DA:252,0
DA:253,0
DA:255,0
DA:257,0
DA:258,0
DA:259,0
DA:260,0
DA:261,0
DA:262,0
DA:265,0
DA:266,0
DA:267,0
DA:268,0
DA:272,0
DA:273,0
DA:274,0
DA:276,0
DA:277,0
DA:278,0
DA:279,0
DA:282,0
DA:283,0
DA:284,0
DA:290,0
DA:300,1
DA:302,1
DA:304,0
DA:306,0
DA:313,1
DA:314,2
DA:315,1
DA:317,3
DA:318,1
DA:321,1
DA:323,1
DA:324,4
DA:325,1
DA:326,7
DA:327,0
DA:328,0
DA:329,0
DA:330,0
DA:332,2
DA:333,4
DA:334,1
DA:335,2
DA:336,1
DA:337,1
DA:338,0
DA:339,0
DA:340,0
DA:343,1
DA:344,0
DA:345,1
DA:347,2
DA:348,1
DA:350,1
DA:351,1
DA:352,1
DA:353,1
DA:354,2
DA:356,2
DA:357,0
DA:358,0
DA:359,0
DA:368,1
DA:374,1
DA:375,2
DA:376,2
DA:378,3
DA:379,3
DA:380,3
DA:382,1
DA:383,3
DA:384,1
DA:385,2
DA:386,1
DA:387,1
DA:388,0
DA:389,0
DA:390,0
DA:391,0
DA:392,0
DA:396,1
DA:397,3
DA:400,1
DA:403,1
DA:405,1
DA:406,4
DA:407,1
DA:408,1
DA:409,1
DA:410,1
DA:411,0
DA:412,0
DA:413,0
DA:418,2
DA:419,4
DA:420,1
DA:421,2
DA:422,1
DA:423,1
DA:424,0
DA:425,1
DA:426,0
DA:429,0
DA:430,0
DA:431,0
DA:432,0
DA:434,1
DA:435,3
DA:436,1
DA:437,1
DA:438,0
DA:439,2
DA:443,1
DA:448,2
DA:449,2
DA:450,0
DA:451,0
DA:452,0
DA:459,2
DA:461,6
DA:462,8
DA:466,1
DA:468,1
DA:470,4
DA:471,0
DA:473,0
DA:475,0
DA:476,0
DA:478,0
DA:479,0
DA:480,0
DA:485,2
DA:486,1
DA:487,1
DA:488,2
DA:489,0
DA:490,2
DA:491,1
DA:494,2
DA:495,0
DA:496,0
DA:497,0
DA:498,0
DA:499,0
DA:500,0
DA:501,0
DA:507,2
DA:508,0
DA:510,0
DA:517,1
DA:518,1
DA:520,4
DA:521,0
DA:523,0
DA:525,0
DA:526,0
DA:528,0
DA:529,0
DA:530,0
DA:536,4
DA:538,3
DA:540,4
DA:542,2
DA:544,0
DA:545,0
DA:546,0
DA:547,0
DA:548,0
DA:549,0
DA:550,0
DA:551,0
DA:552,0
DA:553,0
DA:554,0
DA:555,0
DA:556,0
DA:557,0
DA:558,0
DA:559,0
DA:560,0
DA:564,0
DA:565,0
DA:566,0
DA:567,0
DA:568,0
DA:569,0
DA:571,0
DA:572,0
DA:573,0
DA:574,0
DA:575,0
DA:576,0
DA:577,0
DA:578,0
DA:579,0
DA:584,0
DA:585,0
DA:586,0
DA:587,0
DA:588,0
DA:589,0
DA:590,0
DA:591,0
DA:592,0
DA:595,0
DA:596,0
DA:597,0
DA:598,0
DA:600,0
DA:601,0
DA:602,0
DA:603,0
DA:604,0
DA:605,0
DA:609,0
DA:614,0
DA:615,0
DA:623,2
DA:624,0
DA:626,0
DA:650,1
DA:667,1
DA:669,1
DA:671,3
DA:672,1
DA:673,0
DA:674,1
DA:677,2
DA:678,1
DA:680,0
DA:681,1
DA:683,1
DA:684,1
DA:685,1
DA:686,1
DA:687,0
DA:689,0
DA:691,0
DA:692,0
DA:695,1
DA:699,1
DA:701,7
DA:702,3
DA:703,1
DA:705,1
DA:707,1
DA:708,1
DA:709,0
DA:710,1
DA:711,1
DA:712,1
DA:715,1
DA:716,0
DA:717,1
DA:718,0
DA:719,0
DA:722,0
DA:723,0
DA:724,0
DA:726,1
DA:727,2
DA:728,1
DA:729,1
DA:733,0
DA:734,1
DA:740,1
DA:784,1
DA:792,1
DA:794,1
DA:795,1
DA:801,1
DA:803,1
DA:804,9
DA:807,0
DA:809,0
DA:810,0
DA:811,0
DA:815,1
DA:817,2
DA:818,1
DA:821,1
DA:823,1
DA:827,1
DA:828,1
DA:830,2
DA:835,2
DA:836,1
DA:837,1
DA:838,6
DA:839,2
DA:841,0
LF:378
LH:162
end_of_record
